<?xml version="1.0" encoding="UTF-8"?>
<!-- Generated by org.testng.reporters.JUnitReportReporter -->
<testsuite hostname="Rajs-MacBook-Pro.local" failures="0" tests="2" name="testcases.TC_002LoginFunction" time="38.366" errors="0" timestamp="2025-05-13T21:50:59 BST" skipped="0">
  <testcase classname="testcases.TC_002LoginFunction" name="runLogin" time="14.725"/>
  <testcase classname="testcases.TC_002LoginFunction" name="runLogin" time="23.641"/>
</testsuite> <!-- testcases.TC_002LoginFunction -->
