<?xml version="1.0" encoding="UTF-8"?>
<!-- Generated by org.testng.reporters.JUnitReportReporter -->
<testsuite hostname="Rajs-MacBook-Pro.local" failures="0" tests="2" name="testcases.TC_003LogoutFunction" time="14.287" errors="0" timestamp="2025-05-13T23:04:56 BST" skipped="0">
  <testcase classname="testcases.TC_003LogoutFunction" name="runLogout" time="8.333"/>
  <testcase classname="testcases.TC_003LogoutFunction" name="runLogout" time="5.954"/>
</testsuite> <!-- testcases.TC_003LogoutFunction -->
